2015/10/18 19:41:53 [error] [system.db.CDbCommand] CDbCommand::fetchAll() failed: SQLSTATE[42S02]: Base table or view not found: 1146 Table 'trackstar.tbl_migration' doesn't exist. The SQL statement executed was: SHOW FULL COLUMNS FROM `tbl_migration`.
2015/10/18 19:45:45 [error] [exception.CHttpException.404] exception 'CHttpException' with message 'Unable to resolve the request "project".' in C:\xampp\htdocs\yii\framework\web\CWebApplication.php:286
Stack trace:
#0 C:\xampp\htdocs\yii\framework\web\CWebApplication.php(141): CWebApplication->runController('project')
#1 C:\xampp\htdocs\yii\framework\base\CApplication.php(184): CWebApplication->processRequest()
#2 C:\xampp\htdocs\trackstar\index.php(13): CApplication->run()
#3 {main}
REQUEST_URI=/trackstar/index.php?r=project
---
2015/10/19 11:56:05 [error] [exception.CException] exception 'CException' with message 'Issue and its behaviors do not have a method or closure named "getStatusOptions".' in C:\xampp\htdocs\yii\framework\base\CComponent.php:266
Stack trace:
#0 C:\xampp\htdocs\yii\framework\db\ar\CActiveRecord.php(227): CComponent->__call('getStatusOption...', Array)
#1 C:\xampp\htdocs\trackstar\protected\views\issue\_form.php(48): CActiveRecord->__call('getStatusOption...', Array)
#2 C:\xampp\htdocs\trackstar\protected\views\issue\_form.php(48): Issue->getStatusOptions()
#3 C:\xampp\htdocs\yii\framework\web\CBaseController.php(126): require('C:\\xampp\\htdocs...')
#4 C:\xampp\htdocs\yii\framework\web\CBaseController.php(95): CBaseController->renderInternal('C:\\xampp\\htdocs...', Array, true)
#5 C:\xampp\htdocs\yii\framework\web\CController.php(869): CBaseController->renderFile('C:\\xampp\\htdocs...', Array, true)
#6 C:\xampp\htdocs\trackstar\protected\views\issue\create.php(18): CController->renderPartial('_form', Array)
#7 C:\xampp\htdocs\yii\framework\web\CBaseController.php(126): require('C:\\xampp\\htdocs...')
#8 C:\xampp\htdocs\yii\framework\web\CBaseController.php(95): CBaseController->renderInternal('C:\\xampp\\htdocs...', Array, true)
#9 C:\xampp\htdocs\yii\framework\web\CController.php(869): CBaseController->renderFile('C:\\xampp\\htdocs...', Array, true)
#10 C:\xampp\htdocs\yii\framework\web\CController.php(782): CController->renderPartial('create', Array, true)
#11 C:\xampp\htdocs\trackstar\protected\controllers\IssueController.php(79): CController->render('create', Array)
#12 C:\xampp\htdocs\yii\framework\web\actions\CInlineAction.php(49): IssueController->actionCreate()
#13 C:\xampp\htdocs\yii\framework\web\CController.php(308): CInlineAction->runWithParams(Array)
#14 C:\xampp\htdocs\yii\framework\web\filters\CFilterChain.php(133): CController->runAction(Object(CInlineAction))
#15 C:\xampp\htdocs\yii\framework\web\filters\CFilter.php(40): CFilterChain->run()
#16 C:\xampp\htdocs\yii\framework\web\CController.php(1145): CFilter->filter(Object(CFilterChain))
#17 C:\xampp\htdocs\yii\framework\web\filters\CInlineFilter.php(58): CController->filterAccessControl(Object(CFilterChain))
#18 C:\xampp\htdocs\yii\framework\web\filters\CFilterChain.php(130): CInlineFilter->filter(Object(CFilterChain))
#19 C:\xampp\htdocs\yii\framework\web\CController.php(291): CFilterChain->run()
#20 C:\xampp\htdocs\yii\framework\web\CController.php(265): CController->runActionWithFilters(Object(CInlineAction), Array)
#21 C:\xampp\htdocs\yii\framework\web\CWebApplication.php(282): CController->run('create')
#22 C:\xampp\htdocs\yii\framework\web\CWebApplication.php(141): CWebApplication->runController('issue/create')
#23 C:\xampp\htdocs\yii\framework\base\CApplication.php(184): CWebApplication->processRequest()
#24 C:\xampp\htdocs\trackstar\index.php(13): CApplication->run()
#25 {main}
REQUEST_URI=/trackstar/index.php?r=issue/create
HTTP_REFERER=http://localhost/trackstar/index.php?r=site/login
---
2015/10/24 09:17:03 [error] [php] include(User.php): failed to open stream: No such file or directory (C:\xampp\htdocs\yii\framework\YiiBase.php:432)
Stack trace:
#0 C:\xampp\htdocs\yii\framework\db\ar\CActiveRecord.php(395): spl_autoload_call()
#1 C:\xampp\htdocs\yii\framework\db\ar\CActiveFinder.php(182): model()
#2 C:\xampp\htdocs\yii\framework\db\ar\CActiveFinder.php(230): CActiveFinder->getModel()
#3 C:\xampp\htdocs\yii\framework\db\ar\CActiveFinder.php(48): CActiveFinder->buildJoinTree()
#4 C:\xampp\htdocs\yii\framework\db\ar\CActiveRecord.php(912): CActiveFinder->__construct()
#5 C:\xampp\htdocs\yii\framework\db\ar\CActiveRecord.php(280): Project->getActiveFinder()
#6 C:\xampp\htdocs\yii\framework\db\ar\CActiveRecord.php(143): Project->getRelated()
#7 C:\xampp\htdocs\trackstar\protected\models\Project.php(117): Project->__get()
#8 C:\xampp\htdocs\trackstar\protected\views\issue\_form.php(48): Project->getUserOptions()
#9 C:\xampp\htdocs\yii\framework\web\CBaseController.php(126): require()
#10 C:\xampp\htdocs\yii\framework\web\CBaseController.php(95): IssueController->renderInternal()
#11 C:\xampp\htdocs\yii\framework\web\CController.php(869): IssueController->renderFile()
#12 C:\xampp\htdocs\trackstar\protected\views\issue\create.php(18): IssueController->renderPartial()
#13 C:\xampp\htdocs\yii\framework\web\CBaseController.php(126): require()
#14 C:\xampp\htdocs\yii\framework\web\CBaseController.php(95): IssueController->renderInternal()
#15 C:\xampp\htdocs\yii\framework\web\CController.php(869): IssueController->renderFile()
#16 C:\xampp\htdocs\yii\framework\web\CController.php(782): IssueController->renderPartial()
#17 C:\xampp\htdocs\trackstar\protected\controllers\IssueController.php(80): IssueController->render()
#18 C:\xampp\htdocs\yii\framework\web\actions\CInlineAction.php(49): IssueController->actionCreate()
#19 C:\xampp\htdocs\yii\framework\web\CController.php(308): CInlineAction->runWithParams()
#20 C:\xampp\htdocs\yii\framework\web\filters\CFilterChain.php(133): IssueController->runAction()
#21 C:\xampp\htdocs\trackstar\protected\controllers\IssueController.php(214): CFilterChain->run()
#22 C:\xampp\htdocs\yii\framework\web\filters\CInlineFilter.php(58): IssueController->filterProjectContext()
#23 C:\xampp\htdocs\yii\framework\web\filters\CFilterChain.php(130): CInlineFilter->filter()
#24 C:\xampp\htdocs\yii\framework\web\filters\CFilter.php(40): CFilterChain->run()
#25 C:\xampp\htdocs\yii\framework\web\CController.php(1145): CAccessControlFilter->filter()
#26 C:\xampp\htdocs\yii\framework\web\filters\CInlineFilter.php(58): IssueController->filterAccessControl()
#27 C:\xampp\htdocs\yii\framework\web\filters\CFilterChain.php(130): CInlineFilter->filter()
#28 C:\xampp\htdocs\yii\framework\web\CController.php(291): CFilterChain->run()
#29 C:\xampp\htdocs\yii\framework\web\CController.php(265): IssueController->runActionWithFilters()
#30 C:\xampp\htdocs\yii\framework\web\CWebApplication.php(282): IssueController->run()
#31 C:\xampp\htdocs\yii\framework\web\CWebApplication.php(141): CWebApplication->runController()
#32 C:\xampp\htdocs\yii\framework\base\CApplication.php(184): CWebApplication->processRequest()
#33 C:\xampp\htdocs\trackstar\index.php(13): CWebApplication->run()
REQUEST_URI=/trackstar/index.php?r=issue/create&pid=1
in C:\xampp\htdocs\trackstar\protected\models\Project.php (117)
in C:\xampp\htdocs\trackstar\protected\views\issue\_form.php (48)
in C:\xampp\htdocs\trackstar\protected\views\issue\create.php (18)
2015/10/25 10:12:11 [error] [php] include(User.php): failed to open stream: No such file or directory (C:\xampp\htdocs\yii\framework\YiiBase.php:432)
Stack trace:
#0 C:\xampp\htdocs\yii\framework\db\ar\CActiveRecord.php(395): spl_autoload_call()
#1 C:\xampp\htdocs\yii\framework\db\ar\CActiveFinder.php(182): model()
#2 C:\xampp\htdocs\yii\framework\db\ar\CActiveFinder.php(230): CActiveFinder->getModel()
#3 C:\xampp\htdocs\yii\framework\db\ar\CActiveFinder.php(48): CActiveFinder->buildJoinTree()
#4 C:\xampp\htdocs\yii\framework\db\ar\CActiveRecord.php(912): CActiveFinder->__construct()
#5 C:\xampp\htdocs\yii\framework\db\ar\CActiveRecord.php(280): Project->getActiveFinder()
#6 C:\xampp\htdocs\yii\framework\db\ar\CActiveRecord.php(143): Project->getRelated()
#7 C:\xampp\htdocs\trackstar\protected\models\Project.php(117): Project->__get()
#8 C:\xampp\htdocs\trackstar\protected\views\issue\_form.php(48): Project->getUserOptions()
#9 C:\xampp\htdocs\yii\framework\web\CBaseController.php(126): require()
#10 C:\xampp\htdocs\yii\framework\web\CBaseController.php(95): IssueController->renderInternal()
#11 C:\xampp\htdocs\yii\framework\web\CController.php(869): IssueController->renderFile()
#12 C:\xampp\htdocs\trackstar\protected\views\issue\create.php(18): IssueController->renderPartial()
#13 C:\xampp\htdocs\yii\framework\web\CBaseController.php(126): require()
#14 C:\xampp\htdocs\yii\framework\web\CBaseController.php(95): IssueController->renderInternal()
#15 C:\xampp\htdocs\yii\framework\web\CController.php(869): IssueController->renderFile()
#16 C:\xampp\htdocs\yii\framework\web\CController.php(782): IssueController->renderPartial()
#17 C:\xampp\htdocs\trackstar\protected\controllers\IssueController.php(80): IssueController->render()
#18 C:\xampp\htdocs\yii\framework\web\actions\CInlineAction.php(49): IssueController->actionCreate()
#19 C:\xampp\htdocs\yii\framework\web\CController.php(308): CInlineAction->runWithParams()
#20 C:\xampp\htdocs\yii\framework\web\filters\CFilterChain.php(133): IssueController->runAction()
#21 C:\xampp\htdocs\trackstar\protected\controllers\IssueController.php(214): CFilterChain->run()
#22 C:\xampp\htdocs\yii\framework\web\filters\CInlineFilter.php(58): IssueController->filterProjectContext()
#23 C:\xampp\htdocs\yii\framework\web\filters\CFilterChain.php(130): CInlineFilter->filter()
#24 C:\xampp\htdocs\yii\framework\web\filters\CFilter.php(40): CFilterChain->run()
#25 C:\xampp\htdocs\yii\framework\web\CController.php(1145): CAccessControlFilter->filter()
#26 C:\xampp\htdocs\yii\framework\web\filters\CInlineFilter.php(58): IssueController->filterAccessControl()
#27 C:\xampp\htdocs\yii\framework\web\filters\CFilterChain.php(130): CInlineFilter->filter()
#28 C:\xampp\htdocs\yii\framework\web\CController.php(291): CFilterChain->run()
#29 C:\xampp\htdocs\yii\framework\web\CController.php(265): IssueController->runActionWithFilters()
#30 C:\xampp\htdocs\yii\framework\web\CWebApplication.php(282): IssueController->run()
#31 C:\xampp\htdocs\yii\framework\web\CWebApplication.php(141): CWebApplication->runController()
#32 C:\xampp\htdocs\yii\framework\base\CApplication.php(184): CWebApplication->processRequest()
#33 C:\xampp\htdocs\trackstar\index.php(13): CWebApplication->run()
REQUEST_URI=/trackstar/index.php?r=issue/create&pid=1
in C:\xampp\htdocs\trackstar\protected\models\Project.php (117)
in C:\xampp\htdocs\trackstar\protected\views\issue\_form.php (48)
in C:\xampp\htdocs\trackstar\protected\views\issue\create.php (18)
2015/10/25 10:12:20 [error] [exception.CException] exception 'CException' with message 'Property "Project.type_id" is not defined.' in C:\xampp\htdocs\yii\framework\base\CComponent.php:130
Stack trace:
#0 C:\xampp\htdocs\yii\framework\db\ar\CActiveRecord.php(145): CComponent->__get('type_id')
#1 C:\xampp\htdocs\trackstar\protected\views\project\_view.php(10): CActiveRecord->__get('type_id')
#2 C:\xampp\htdocs\yii\framework\web\CBaseController.php(130): require('C:\\xampp\\htdocs...')
#3 C:\xampp\htdocs\yii\framework\web\CBaseController.php(95): CBaseController->renderInternal('C:\\xampp\\htdocs...', Array, false)
#4 C:\xampp\htdocs\yii\framework\zii\widgets\CListView.php(291): CBaseController->renderFile('C:\\xampp\\htdocs...', Array)
#5 C:\xampp\htdocs\yii\framework\zii\widgets\CBaseListView.php(181): CListView->renderItems()
#6 [internal function]: CBaseListView->renderSection(Array)
#7 C:\xampp\htdocs\yii\framework\zii\widgets\CBaseListView.php(164): preg_replace_callback('/{(\\w+)}/', Array, '{summary}\n{sort...')
#8 C:\xampp\htdocs\yii\framework\zii\widgets\CBaseListView.php(149): CBaseListView->renderContent()
#9 C:\xampp\htdocs\yii\framework\web\CBaseController.php(181): CBaseListView->run()
#10 C:\xampp\htdocs\trackstar\protected\views\project\index.php(20): CBaseController->widget('zii.widgets.CLi...', Array)
#11 C:\xampp\htdocs\yii\framework\web\CBaseController.php(126): require('C:\\xampp\\htdocs...')
#12 C:\xampp\htdocs\yii\framework\web\CBaseController.php(95): CBaseController->renderInternal('C:\\xampp\\htdocs...', Array, true)
#13 C:\xampp\htdocs\yii\framework\web\CController.php(869): CBaseController->renderFile('C:\\xampp\\htdocs...', Array, true)
#14 C:\xampp\htdocs\yii\framework\web\CController.php(782): CController->renderPartial('index', Array, true)
#15 C:\xampp\htdocs\trackstar\protected\controllers\ProjectController.php(139): CController->render('index', Array)
#16 C:\xampp\htdocs\yii\framework\web\actions\CInlineAction.php(49): ProjectController->actionIndex()
#17 C:\xampp\htdocs\yii\framework\web\CController.php(308): CInlineAction->runWithParams(Array)
#18 C:\xampp\htdocs\yii\framework\web\filters\CFilterChain.php(133): CController->runAction(Object(CInlineAction))
#19 C:\xampp\htdocs\yii\framework\web\filters\CFilter.php(40): CFilterChain->run()
#20 C:\xampp\htdocs\yii\framework\web\CController.php(1145): CFilter->filter(Object(CFilterChain))
#21 C:\xampp\htdocs\yii\framework\web\filters\CInlineFilter.php(58): CController->filterAccessControl(Object(CFilterChain))
#22 C:\xampp\htdocs\yii\framework\web\filters\CFilterChain.php(130): CInlineFilter->filter(Object(CFilterChain))
#23 C:\xampp\htdocs\yii\framework\web\CController.php(291): CFilterChain->run()
#24 C:\xampp\htdocs\yii\framework\web\CController.php(265): CController->runActionWithFilters(Object(CInlineAction), Array)
#25 C:\xampp\htdocs\yii\framework\web\CWebApplication.php(282): CController->run('')
#26 C:\xampp\htdocs\yii\framework\web\CWebApplication.php(141): CWebApplication->runController('project')
#27 C:\xampp\htdocs\yii\framework\base\CApplication.php(184): CWebApplication->processRequest()
#28 C:\xampp\htdocs\trackstar\index.php(13): CApplication->run()
#29 {main}
REQUEST_URI=/trackstar/index.php?r=project
---
2015/10/25 10:20:45 [error] [php] include(User.php): failed to open stream: No such file or directory (C:\xampp\htdocs\yii\framework\YiiBase.php:432)
Stack trace:
#0 C:\xampp\htdocs\yii\framework\db\ar\CActiveRecord.php(395): spl_autoload_call()
#1 C:\xampp\htdocs\yii\framework\db\ar\CActiveFinder.php(182): model()
#2 C:\xampp\htdocs\yii\framework\db\ar\CActiveFinder.php(230): CActiveFinder->getModel()
#3 C:\xampp\htdocs\yii\framework\db\ar\CActiveFinder.php(48): CActiveFinder->buildJoinTree()
#4 C:\xampp\htdocs\yii\framework\db\ar\CActiveRecord.php(912): CActiveFinder->__construct()
#5 C:\xampp\htdocs\yii\framework\db\ar\CActiveRecord.php(280): Project->getActiveFinder()
#6 C:\xampp\htdocs\yii\framework\db\ar\CActiveRecord.php(143): Project->getRelated()
#7 C:\xampp\htdocs\trackstar\protected\models\Project.php(117): Project->__get()
#8 C:\xampp\htdocs\trackstar\protected\views\issue\_form.php(48): Project->getUserOptions()
#9 C:\xampp\htdocs\yii\framework\web\CBaseController.php(126): require()
#10 C:\xampp\htdocs\yii\framework\web\CBaseController.php(95): IssueController->renderInternal()
#11 C:\xampp\htdocs\yii\framework\web\CController.php(869): IssueController->renderFile()
#12 C:\xampp\htdocs\trackstar\protected\views\issue\create.php(18): IssueController->renderPartial()
#13 C:\xampp\htdocs\yii\framework\web\CBaseController.php(126): require()
#14 C:\xampp\htdocs\yii\framework\web\CBaseController.php(95): IssueController->renderInternal()
#15 C:\xampp\htdocs\yii\framework\web\CController.php(869): IssueController->renderFile()
#16 C:\xampp\htdocs\yii\framework\web\CController.php(782): IssueController->renderPartial()
#17 C:\xampp\htdocs\trackstar\protected\controllers\IssueController.php(80): IssueController->render()
#18 C:\xampp\htdocs\yii\framework\web\actions\CInlineAction.php(49): IssueController->actionCreate()
#19 C:\xampp\htdocs\yii\framework\web\CController.php(308): CInlineAction->runWithParams()
#20 C:\xampp\htdocs\yii\framework\web\filters\CFilterChain.php(133): IssueController->runAction()
#21 C:\xampp\htdocs\trackstar\protected\controllers\IssueController.php(214): CFilterChain->run()
#22 C:\xampp\htdocs\yii\framework\web\filters\CInlineFilter.php(58): IssueController->filterProjectContext()
#23 C:\xampp\htdocs\yii\framework\web\filters\CFilterChain.php(130): CInlineFilter->filter()
#24 C:\xampp\htdocs\yii\framework\web\filters\CFilter.php(40): CFilterChain->run()
#25 C:\xampp\htdocs\yii\framework\web\CController.php(1145): CAccessControlFilter->filter()
#26 C:\xampp\htdocs\yii\framework\web\filters\CInlineFilter.php(58): IssueController->filterAccessControl()
#27 C:\xampp\htdocs\yii\framework\web\filters\CFilterChain.php(130): CInlineFilter->filter()
#28 C:\xampp\htdocs\yii\framework\web\CController.php(291): CFilterChain->run()
#29 C:\xampp\htdocs\yii\framework\web\CController.php(265): IssueController->runActionWithFilters()
#30 C:\xampp\htdocs\yii\framework\web\CWebApplication.php(282): IssueController->run()
#31 C:\xampp\htdocs\yii\framework\web\CWebApplication.php(141): CWebApplication->runController()
#32 C:\xampp\htdocs\yii\framework\base\CApplication.php(184): CWebApplication->processRequest()
#33 C:\xampp\htdocs\trackstar\index.php(13): CWebApplication->run()
REQUEST_URI=/trackstar/index.php?r=issue/create&pid=1
in C:\xampp\htdocs\trackstar\protected\models\Project.php (117)
in C:\xampp\htdocs\trackstar\protected\views\issue\_form.php (48)
in C:\xampp\htdocs\trackstar\protected\views\issue\create.php (18)
2015/10/28 00:15:03 [error] [exception.CHttpException.404] exception 'CHttpException' with message 'The system is unable to find the requested action "create".' in C:\xampp\htdocs\yii\framework\web\CController.php:483
Stack trace:
#0 C:\xampp\htdocs\yii\framework\web\CController.php(270): CController->missingAction('create')
#1 C:\xampp\htdocs\yii\framework\web\CWebApplication.php(282): CController->run('create')
#2 C:\xampp\htdocs\yii\framework\web\CWebApplication.php(141): CWebApplication->runController('user/create')
#3 C:\xampp\htdocs\yii\framework\base\CApplication.php(184): CWebApplication->processRequest()
#4 C:\xampp\htdocs\trackstar\index.php(13): CApplication->run()
#5 {main}
REQUEST_URI=/trackstar/index.php?r=user/create
---
2015/10/28 00:26:58 [error] [exception.CException] exception 'CException' with message 'Project and its behaviors do not have a method or closure named "getTypeText".' in C:\xampp\htdocs\yii\framework\base\CComponent.php:266
Stack trace:
#0 C:\xampp\htdocs\yii\framework\db\ar\CActiveRecord.php(227): CComponent->__call('getTypeText', Array)
#1 C:\xampp\htdocs\trackstar\protected\views\project\view.php(30): CActiveRecord->__call('getTypeText', Array)
#2 C:\xampp\htdocs\trackstar\protected\views\project\view.php(30): Project->getTypeText()
#3 C:\xampp\htdocs\yii\framework\web\CBaseController.php(126): require('C:\\xampp\\htdocs...')
#4 C:\xampp\htdocs\yii\framework\web\CBaseController.php(95): CBaseController->renderInternal('C:\\xampp\\htdocs...', Array, true)
#5 C:\xampp\htdocs\yii\framework\web\CController.php(869): CBaseController->renderFile('C:\\xampp\\htdocs...', Array, true)
#6 C:\xampp\htdocs\yii\framework\web\CController.php(782): CController->renderPartial('view', Array, true)
#7 C:\xampp\htdocs\trackstar\protected\controllers\ProjectController.php(67): CController->render('view', Array)
#8 [internal function]: ProjectController->actionView('1')
#9 C:\xampp\htdocs\yii\framework\web\actions\CAction.php(109): ReflectionMethod->invokeArgs(Object(ProjectController), Array)
#10 C:\xampp\htdocs\yii\framework\web\actions\CInlineAction.php(47): CAction->runWithParamsInternal(Object(ProjectController), Object(ReflectionMethod), Array)
#11 C:\xampp\htdocs\yii\framework\web\CController.php(308): CInlineAction->runWithParams(Array)
#12 C:\xampp\htdocs\yii\framework\web\filters\CFilterChain.php(133): CController->runAction(Object(CInlineAction))
#13 C:\xampp\htdocs\yii\framework\web\filters\CFilter.php(40): CFilterChain->run()
#14 C:\xampp\htdocs\yii\framework\web\CController.php(1145): CFilter->filter(Object(CFilterChain))
#15 C:\xampp\htdocs\yii\framework\web\filters\CInlineFilter.php(58): CController->filterAccessControl(Object(CFilterChain))
#16 C:\xampp\htdocs\yii\framework\web\filters\CFilterChain.php(130): CInlineFilter->filter(Object(CFilterChain))
#17 C:\xampp\htdocs\yii\framework\web\CController.php(291): CFilterChain->run()
#18 C:\xampp\htdocs\yii\framework\web\CController.php(265): CController->runActionWithFilters(Object(CInlineAction), Array)
#19 C:\xampp\htdocs\yii\framework\web\CWebApplication.php(282): CController->run('view')
#20 C:\xampp\htdocs\yii\framework\web\CWebApplication.php(141): CWebApplication->runController('project/view')
#21 C:\xampp\htdocs\yii\framework\base\CApplication.php(184): CWebApplication->processRequest()
#22 C:\xampp\htdocs\trackstar\index.php(13): CApplication->run()
#23 {main}
REQUEST_URI=/trackstar/index.php?r=project/view&id=1
HTTP_REFERER=http://localhost/trackstar/index.php?r=project
---
2015/10/28 01:22:20 [error] [exception.CHttpException.403] exception 'CHttpException' with message 'Must specify a project before performing this action.' in C:\xampp\htdocs\trackstar\protected\controllers\IssueController.php:220
Stack trace:
#0 C:\xampp\htdocs\yii\framework\web\filters\CInlineFilter.php(58): IssueController->filterProjectContext(Object(CFilterChain))
#1 C:\xampp\htdocs\yii\framework\web\filters\CFilterChain.php(130): CInlineFilter->filter(Object(CFilterChain))
#2 C:\xampp\htdocs\yii\framework\web\filters\CFilter.php(40): CFilterChain->run()
#3 C:\xampp\htdocs\yii\framework\web\CController.php(1145): CFilter->filter(Object(CFilterChain))
#4 C:\xampp\htdocs\yii\framework\web\filters\CInlineFilter.php(58): CController->filterAccessControl(Object(CFilterChain))
#5 C:\xampp\htdocs\yii\framework\web\filters\CFilterChain.php(130): CInlineFilter->filter(Object(CFilterChain))
#6 C:\xampp\htdocs\yii\framework\web\CController.php(291): CFilterChain->run()
#7 C:\xampp\htdocs\yii\framework\web\CController.php(265): CController->runActionWithFilters(Object(CInlineAction), Array)
#8 C:\xampp\htdocs\yii\framework\web\CWebApplication.php(282): CController->run('index')
#9 C:\xampp\htdocs\yii\framework\web\CWebApplication.php(141): CWebApplication->runController('issue/index')
#10 C:\xampp\htdocs\yii\framework\base\CApplication.php(184): CWebApplication->processRequest()
#11 C:\xampp\htdocs\trackstar\index.php(13): CApplication->run()
#12 {main}
REQUEST_URI=/trackstar/index.php?r=issue/index
HTTP_REFERER=http://localhost/trackstar/index.php?r=issue/create&pid=1
---
2015/10/28 01:25:16 [error] [exception.CException] exception 'CException' with message 'Property "Issue.statusOptions" is not defined.' in C:\xampp\htdocs\yii\framework\base\CComponent.php:130
Stack trace:
#0 C:\xampp\htdocs\yii\framework\db\ar\CActiveRecord.php(145): CComponent->__get('statusOptions')
#1 C:\xampp\htdocs\trackstar\protected\models\Issue.php(179): CActiveRecord->__get('statusOptions')
#2 C:\xampp\htdocs\trackstar\protected\views\issue\view.php(33): Issue->getStatusText()
#3 C:\xampp\htdocs\yii\framework\web\CBaseController.php(126): require('C:\\xampp\\htdocs...')
#4 C:\xampp\htdocs\yii\framework\web\CBaseController.php(95): CBaseController->renderInternal('C:\\xampp\\htdocs...', Array, true)
#5 C:\xampp\htdocs\yii\framework\web\CController.php(869): CBaseController->renderFile('C:\\xampp\\htdocs...', Array, true)
#6 C:\xampp\htdocs\yii\framework\web\CController.php(782): CController->renderPartial('view', Array, true)
#7 C:\xampp\htdocs\trackstar\protected\controllers\IssueController.php(57): CController->render('view', Array)
#8 [internal function]: IssueController->actionView('1')
#9 C:\xampp\htdocs\yii\framework\web\actions\CAction.php(109): ReflectionMethod->invokeArgs(Object(IssueController), Array)
#10 C:\xampp\htdocs\yii\framework\web\actions\CInlineAction.php(47): CAction->runWithParamsInternal(Object(IssueController), Object(ReflectionMethod), Array)
#11 C:\xampp\htdocs\yii\framework\web\CController.php(308): CInlineAction->runWithParams(Array)
#12 C:\xampp\htdocs\yii\framework\web\filters\CFilterChain.php(133): CController->runAction(Object(CInlineAction))
#13 C:\xampp\htdocs\yii\framework\web\filters\CFilter.php(40): CFilterChain->run()
#14 C:\xampp\htdocs\yii\framework\web\CController.php(1145): CFilter->filter(Object(CFilterChain))
#15 C:\xampp\htdocs\yii\framework\web\filters\CInlineFilter.php(58): CController->filterAccessControl(Object(CFilterChain))
#16 C:\xampp\htdocs\yii\framework\web\filters\CFilterChain.php(130): CInlineFilter->filter(Object(CFilterChain))
#17 C:\xampp\htdocs\yii\framework\web\CController.php(291): CFilterChain->run()
#18 C:\xampp\htdocs\yii\framework\web\CController.php(265): CController->runActionWithFilters(Object(CInlineAction), Array)
#19 C:\xampp\htdocs\yii\framework\web\CWebApplication.php(282): CController->run('view')
#20 C:\xampp\htdocs\yii\framework\web\CWebApplication.php(141): CWebApplication->runController('issue/view')
#21 C:\xampp\htdocs\yii\framework\base\CApplication.php(184): CWebApplication->processRequest()
#22 C:\xampp\htdocs\trackstar\index.php(13): CApplication->run()
#23 {main}
REQUEST_URI=/trackstar/index.php?r=issue/view&id=1
HTTP_REFERER=http://localhost/trackstar/index.php?r=issue/create&pid=1
---
2015/10/28 01:29:18 [error] [exception.CHttpException.403] exception 'CHttpException' with message 'Must specify a project before performing this action.' in C:\xampp\htdocs\trackstar\protected\controllers\IssueController.php:220
Stack trace:
#0 C:\xampp\htdocs\yii\framework\web\filters\CInlineFilter.php(58): IssueController->filterProjectContext(Object(CFilterChain))
#1 C:\xampp\htdocs\yii\framework\web\filters\CFilterChain.php(130): CInlineFilter->filter(Object(CFilterChain))
#2 C:\xampp\htdocs\yii\framework\web\filters\CFilter.php(40): CFilterChain->run()
#3 C:\xampp\htdocs\yii\framework\web\CController.php(1145): CFilter->filter(Object(CFilterChain))
#4 C:\xampp\htdocs\yii\framework\web\filters\CInlineFilter.php(58): CController->filterAccessControl(Object(CFilterChain))
#5 C:\xampp\htdocs\yii\framework\web\filters\CFilterChain.php(130): CInlineFilter->filter(Object(CFilterChain))
#6 C:\xampp\htdocs\yii\framework\web\CController.php(291): CFilterChain->run()
#7 C:\xampp\htdocs\yii\framework\web\CController.php(265): CController->runActionWithFilters(Object(CInlineAction), Array)
#8 C:\xampp\htdocs\yii\framework\web\CWebApplication.php(282): CController->run('index')
#9 C:\xampp\htdocs\yii\framework\web\CWebApplication.php(141): CWebApplication->runController('issue/index')
#10 C:\xampp\htdocs\yii\framework\base\CApplication.php(184): CWebApplication->processRequest()
#11 C:\xampp\htdocs\trackstar\index.php(13): CApplication->run()
#12 {main}
REQUEST_URI=/trackstar/index.php?r=issue/index&id=1
---
2015/10/28 01:29:33 [error] [exception.CException] exception 'CException' with message 'Property "Issue.statusOptions" is not defined.' in C:\xampp\htdocs\yii\framework\base\CComponent.php:130
Stack trace:
#0 C:\xampp\htdocs\yii\framework\db\ar\CActiveRecord.php(145): CComponent->__get('statusOptions')
#1 C:\xampp\htdocs\trackstar\protected\models\Issue.php(179): CActiveRecord->__get('statusOptions')
#2 C:\xampp\htdocs\trackstar\protected\views\issue\_view.php(12): Issue->getStatusText()
#3 C:\xampp\htdocs\yii\framework\web\CBaseController.php(130): require('C:\\xampp\\htdocs...')
#4 C:\xampp\htdocs\yii\framework\web\CBaseController.php(95): CBaseController->renderInternal('C:\\xampp\\htdocs...', Array, false)
#5 C:\xampp\htdocs\yii\framework\zii\widgets\CListView.php(291): CBaseController->renderFile('C:\\xampp\\htdocs...', Array)
#6 C:\xampp\htdocs\yii\framework\zii\widgets\CBaseListView.php(181): CListView->renderItems()
#7 [internal function]: CBaseListView->renderSection(Array)
#8 C:\xampp\htdocs\yii\framework\zii\widgets\CBaseListView.php(164): preg_replace_callback('/{(\\w+)}/', Array, '{summary}\n{sort...')
#9 C:\xampp\htdocs\yii\framework\zii\widgets\CBaseListView.php(149): CBaseListView->renderContent()
#10 C:\xampp\htdocs\yii\framework\web\CBaseController.php(181): CBaseListView->run()
#11 C:\xampp\htdocs\trackstar\protected\views\issue\index.php(20): CBaseController->widget('zii.widgets.CLi...', Array)
#12 C:\xampp\htdocs\yii\framework\web\CBaseController.php(126): require('C:\\xampp\\htdocs...')
#13 C:\xampp\htdocs\yii\framework\web\CBaseController.php(95): CBaseController->renderInternal('C:\\xampp\\htdocs...', Array, true)
#14 C:\xampp\htdocs\yii\framework\web\CController.php(869): CBaseController->renderFile('C:\\xampp\\htdocs...', Array, true)
#15 C:\xampp\htdocs\yii\framework\web\CController.php(782): CController->renderPartial('index', Array, true)
#16 C:\xampp\htdocs\trackstar\protected\controllers\IssueController.php(135): CController->render('index', Array)
#17 C:\xampp\htdocs\yii\framework\web\actions\CInlineAction.php(49): IssueController->actionIndex()
#18 C:\xampp\htdocs\yii\framework\web\CController.php(308): CInlineAction->runWithParams(Array)
#19 C:\xampp\htdocs\yii\framework\web\filters\CFilterChain.php(133): CController->runAction(Object(CInlineAction))
#20 C:\xampp\htdocs\trackstar\protected\controllers\IssueController.php(222): CFilterChain->run()
#21 C:\xampp\htdocs\yii\framework\web\filters\CInlineFilter.php(58): IssueController->filterProjectContext(Object(CFilterChain))
#22 C:\xampp\htdocs\yii\framework\web\filters\CFilterChain.php(130): CInlineFilter->filter(Object(CFilterChain))
#23 C:\xampp\htdocs\yii\framework\web\filters\CFilter.php(40): CFilterChain->run()
#24 C:\xampp\htdocs\yii\framework\web\CController.php(1145): CFilter->filter(Object(CFilterChain))
#25 C:\xampp\htdocs\yii\framework\web\filters\CInlineFilter.php(58): CController->filterAccessControl(Object(CFilterChain))
#26 C:\xampp\htdocs\yii\framework\web\filters\CFilterChain.php(130): CInlineFilter->filter(Object(CFilterChain))
#27 C:\xampp\htdocs\yii\framework\web\CController.php(291): CFilterChain->run()
#28 C:\xampp\htdocs\yii\framework\web\CController.php(265): CController->runActionWithFilters(Object(CInlineAction), Array)
#29 C:\xampp\htdocs\yii\framework\web\CWebApplication.php(282): CController->run('index')
#30 C:\xampp\htdocs\yii\framework\web\CWebApplication.php(141): CWebApplication->runController('issue/index')
#31 C:\xampp\htdocs\yii\framework\base\CApplication.php(184): CWebApplication->processRequest()
#32 C:\xampp\htdocs\trackstar\index.php(13): CApplication->run()
#33 {main}
REQUEST_URI=/trackstar/index.php?r=issue/index&pid=1
---
2015/10/28 01:44:04 [error] [exception.CException] exception 'CException' with message 'Project and its behaviors do not have a method or closure named "getTypeText".' in C:\xampp\htdocs\yii\framework\base\CComponent.php:266
Stack trace:
#0 C:\xampp\htdocs\yii\framework\db\ar\CActiveRecord.php(227): CComponent->__call('getTypeText', Array)
#1 C:\xampp\htdocs\trackstar\protected\views\project\view.php(30): CActiveRecord->__call('getTypeText', Array)
#2 C:\xampp\htdocs\trackstar\protected\views\project\view.php(30): Project->getTypeText()
#3 C:\xampp\htdocs\yii\framework\web\CBaseController.php(126): require('C:\\xampp\\htdocs...')
#4 C:\xampp\htdocs\yii\framework\web\CBaseController.php(95): CBaseController->renderInternal('C:\\xampp\\htdocs...', Array, true)
#5 C:\xampp\htdocs\yii\framework\web\CController.php(869): CBaseController->renderFile('C:\\xampp\\htdocs...', Array, true)
#6 C:\xampp\htdocs\yii\framework\web\CController.php(782): CController->renderPartial('view', Array, true)
#7 C:\xampp\htdocs\trackstar\protected\controllers\ProjectController.php(67): CController->render('view', Array)
#8 [internal function]: ProjectController->actionView('1')
#9 C:\xampp\htdocs\yii\framework\web\actions\CAction.php(109): ReflectionMethod->invokeArgs(Object(ProjectController), Array)
#10 C:\xampp\htdocs\yii\framework\web\actions\CInlineAction.php(47): CAction->runWithParamsInternal(Object(ProjectController), Object(ReflectionMethod), Array)
#11 C:\xampp\htdocs\yii\framework\web\CController.php(308): CInlineAction->runWithParams(Array)
#12 C:\xampp\htdocs\yii\framework\web\filters\CFilterChain.php(133): CController->runAction(Object(CInlineAction))
#13 C:\xampp\htdocs\yii\framework\web\filters\CFilter.php(40): CFilterChain->run()
#14 C:\xampp\htdocs\yii\framework\web\CController.php(1145): CFilter->filter(Object(CFilterChain))
#15 C:\xampp\htdocs\yii\framework\web\filters\CInlineFilter.php(58): CController->filterAccessControl(Object(CFilterChain))
#16 C:\xampp\htdocs\yii\framework\web\filters\CFilterChain.php(130): CInlineFilter->filter(Object(CFilterChain))
#17 C:\xampp\htdocs\yii\framework\web\CController.php(291): CFilterChain->run()
#18 C:\xampp\htdocs\yii\framework\web\CController.php(265): CController->runActionWithFilters(Object(CInlineAction), Array)
#19 C:\xampp\htdocs\yii\framework\web\CWebApplication.php(282): CController->run('view')
#20 C:\xampp\htdocs\yii\framework\web\CWebApplication.php(141): CWebApplication->runController('project/view')
#21 C:\xampp\htdocs\yii\framework\base\CApplication.php(184): CWebApplication->processRequest()
#22 C:\xampp\htdocs\trackstar\index.php(13): CApplication->run()
#23 {main}
REQUEST_URI=/trackstar/index.php?r=project/view&id=1
HTTP_REFERER=http://localhost/trackstar/index.php?r=project
---
2015/10/28 01:58:15 [error] [exception.CHttpException.403] exception 'CHttpException' with message 'Must specify a project before performing this action.' in C:\xampp\htdocs\trackstar\protected\controllers\IssueController.php:220
Stack trace:
#0 C:\xampp\htdocs\yii\framework\web\filters\CInlineFilter.php(58): IssueController->filterProjectContext(Object(CFilterChain))
#1 C:\xampp\htdocs\yii\framework\web\filters\CFilterChain.php(130): CInlineFilter->filter(Object(CFilterChain))
#2 C:\xampp\htdocs\yii\framework\web\filters\CFilter.php(40): CFilterChain->run()
#3 C:\xampp\htdocs\yii\framework\web\CController.php(1145): CFilter->filter(Object(CFilterChain))
#4 C:\xampp\htdocs\yii\framework\web\filters\CInlineFilter.php(58): CController->filterAccessControl(Object(CFilterChain))
#5 C:\xampp\htdocs\yii\framework\web\filters\CFilterChain.php(130): CInlineFilter->filter(Object(CFilterChain))
#6 C:\xampp\htdocs\yii\framework\web\CController.php(291): CFilterChain->run()
#7 C:\xampp\htdocs\yii\framework\web\CController.php(265): CController->runActionWithFilters(Object(CInlineAction), Array)
#8 C:\xampp\htdocs\yii\framework\web\CWebApplication.php(282): CController->run('index')
#9 C:\xampp\htdocs\yii\framework\web\CWebApplication.php(141): CWebApplication->runController('issue/index')
#10 C:\xampp\htdocs\yii\framework\base\CApplication.php(184): CWebApplication->processRequest()
#11 C:\xampp\htdocs\trackstar\index.php(13): CApplication->run()
#12 {main}
REQUEST_URI=/trackstar/index.php?r=issue/index
HTTP_REFERER=http://localhost/trackstar/index.php?r=issue/create&pid=1
---
2015/10/28 01:58:23 [error] [exception.CHttpException.403] exception 'CHttpException' with message 'Must specify a project before performing this action.' in C:\xampp\htdocs\trackstar\protected\controllers\IssueController.php:220
Stack trace:
#0 C:\xampp\htdocs\yii\framework\web\filters\CInlineFilter.php(58): IssueController->filterProjectContext(Object(CFilterChain))
#1 C:\xampp\htdocs\yii\framework\web\filters\CFilterChain.php(130): CInlineFilter->filter(Object(CFilterChain))
#2 C:\xampp\htdocs\yii\framework\web\filters\CFilter.php(40): CFilterChain->run()
#3 C:\xampp\htdocs\yii\framework\web\CController.php(1145): CFilter->filter(Object(CFilterChain))
#4 C:\xampp\htdocs\yii\framework\web\filters\CInlineFilter.php(58): CController->filterAccessControl(Object(CFilterChain))
#5 C:\xampp\htdocs\yii\framework\web\filters\CFilterChain.php(130): CInlineFilter->filter(Object(CFilterChain))
#6 C:\xampp\htdocs\yii\framework\web\CController.php(291): CFilterChain->run()
#7 C:\xampp\htdocs\yii\framework\web\CController.php(265): CController->runActionWithFilters(Object(CInlineAction), Array)
#8 C:\xampp\htdocs\yii\framework\web\CWebApplication.php(282): CController->run('admin')
#9 C:\xampp\htdocs\yii\framework\web\CWebApplication.php(141): CWebApplication->runController('issue/admin')
#10 C:\xampp\htdocs\yii\framework\base\CApplication.php(184): CWebApplication->processRequest()
#11 C:\xampp\htdocs\trackstar\index.php(13): CApplication->run()
#12 {main}
REQUEST_URI=/trackstar/index.php?r=issue/admin
HTTP_REFERER=http://localhost/trackstar/index.php?r=issue/create&pid=1
---
2015/10/28 02:00:12 [error] [exception.CHttpException.403] exception 'CHttpException' with message 'Must specify a project before performing this action.' in C:\xampp\htdocs\trackstar\protected\controllers\IssueController.php:220
Stack trace:
#0 C:\xampp\htdocs\yii\framework\web\filters\CInlineFilter.php(58): IssueController->filterProjectContext(Object(CFilterChain))
#1 C:\xampp\htdocs\yii\framework\web\filters\CFilterChain.php(130): CInlineFilter->filter(Object(CFilterChain))
#2 C:\xampp\htdocs\yii\framework\web\filters\CFilter.php(40): CFilterChain->run()
#3 C:\xampp\htdocs\yii\framework\web\CController.php(1145): CFilter->filter(Object(CFilterChain))
#4 C:\xampp\htdocs\yii\framework\web\filters\CInlineFilter.php(58): CController->filterAccessControl(Object(CFilterChain))
#5 C:\xampp\htdocs\yii\framework\web\filters\CFilterChain.php(130): CInlineFilter->filter(Object(CFilterChain))
#6 C:\xampp\htdocs\yii\framework\web\CController.php(291): CFilterChain->run()
#7 C:\xampp\htdocs\yii\framework\web\CController.php(265): CController->runActionWithFilters(Object(CInlineAction), Array)
#8 C:\xampp\htdocs\yii\framework\web\CWebApplication.php(282): CController->run('admin')
#9 C:\xampp\htdocs\yii\framework\web\CWebApplication.php(141): CWebApplication->runController('issue/admin')
#10 C:\xampp\htdocs\yii\framework\base\CApplication.php(184): CWebApplication->processRequest()
#11 C:\xampp\htdocs\trackstar\index.php(13): CApplication->run()
#12 {main}
REQUEST_URI=/trackstar/index.php?r=issue/admin
HTTP_REFERER=http://localhost/trackstar/index.php?r=issue/index&pid=1
---
2015/10/28 02:00:49 [error] [exception.CHttpException.403] exception 'CHttpException' with message 'Must specify a project before performing this action.' in C:\xampp\htdocs\trackstar\protected\controllers\IssueController.php:220
Stack trace:
#0 C:\xampp\htdocs\yii\framework\web\filters\CInlineFilter.php(58): IssueController->filterProjectContext(Object(CFilterChain))
#1 C:\xampp\htdocs\yii\framework\web\filters\CFilterChain.php(130): CInlineFilter->filter(Object(CFilterChain))
#2 C:\xampp\htdocs\yii\framework\web\filters\CFilter.php(40): CFilterChain->run()
#3 C:\xampp\htdocs\yii\framework\web\CController.php(1145): CFilter->filter(Object(CFilterChain))
#4 C:\xampp\htdocs\yii\framework\web\filters\CInlineFilter.php(58): CController->filterAccessControl(Object(CFilterChain))
#5 C:\xampp\htdocs\yii\framework\web\filters\CFilterChain.php(130): CInlineFilter->filter(Object(CFilterChain))
#6 C:\xampp\htdocs\yii\framework\web\CController.php(291): CFilterChain->run()
#7 C:\xampp\htdocs\yii\framework\web\CController.php(265): CController->runActionWithFilters(Object(CInlineAction), Array)
#8 C:\xampp\htdocs\yii\framework\web\CWebApplication.php(282): CController->run('admin')
#9 C:\xampp\htdocs\yii\framework\web\CWebApplication.php(141): CWebApplication->runController('issue/admin')
#10 C:\xampp\htdocs\yii\framework\base\CApplication.php(184): CWebApplication->processRequest()
#11 C:\xampp\htdocs\trackstar\index.php(13): CApplication->run()
#12 {main}
REQUEST_URI=/trackstar/index.php?r=issue/admin
HTTP_REFERER=http://localhost/trackstar/index.php?r=issue/index&pid=1
---
2015/10/28 02:01:00 [error] [exception.CHttpException.403] exception 'CHttpException' with message 'Must specify a project before performing this action.' in C:\xampp\htdocs\trackstar\protected\controllers\IssueController.php:220
Stack trace:
#0 C:\xampp\htdocs\yii\framework\web\filters\CInlineFilter.php(58): IssueController->filterProjectContext(Object(CFilterChain))
#1 C:\xampp\htdocs\yii\framework\web\filters\CFilterChain.php(130): CInlineFilter->filter(Object(CFilterChain))
#2 C:\xampp\htdocs\yii\framework\web\filters\CFilter.php(40): CFilterChain->run()
#3 C:\xampp\htdocs\yii\framework\web\CController.php(1145): CFilter->filter(Object(CFilterChain))
#4 C:\xampp\htdocs\yii\framework\web\filters\CInlineFilter.php(58): CController->filterAccessControl(Object(CFilterChain))
#5 C:\xampp\htdocs\yii\framework\web\filters\CFilterChain.php(130): CInlineFilter->filter(Object(CFilterChain))
#6 C:\xampp\htdocs\yii\framework\web\CController.php(291): CFilterChain->run()
#7 C:\xampp\htdocs\yii\framework\web\CController.php(265): CController->runActionWithFilters(Object(CInlineAction), Array)
#8 C:\xampp\htdocs\yii\framework\web\CWebApplication.php(282): CController->run('admin')
#9 C:\xampp\htdocs\yii\framework\web\CWebApplication.php(141): CWebApplication->runController('issue/admin')
#10 C:\xampp\htdocs\yii\framework\base\CApplication.php(184): CWebApplication->processRequest()
#11 C:\xampp\htdocs\trackstar\index.php(13): CApplication->run()
#12 {main}
REQUEST_URI=/trackstar/index.php?r=issue/admin
HTTP_REFERER=http://localhost/trackstar/index.php?r=issue/create&pid=1
---
2015/10/28 02:01:10 [error] [exception.CHttpException.403] exception 'CHttpException' with message 'Must specify a project before performing this action.' in C:\xampp\htdocs\trackstar\protected\controllers\IssueController.php:220
Stack trace:
#0 C:\xampp\htdocs\yii\framework\web\filters\CInlineFilter.php(58): IssueController->filterProjectContext(Object(CFilterChain))
#1 C:\xampp\htdocs\yii\framework\web\filters\CFilterChain.php(130): CInlineFilter->filter(Object(CFilterChain))
#2 C:\xampp\htdocs\yii\framework\web\filters\CFilter.php(40): CFilterChain->run()
#3 C:\xampp\htdocs\yii\framework\web\CController.php(1145): CFilter->filter(Object(CFilterChain))
#4 C:\xampp\htdocs\yii\framework\web\filters\CInlineFilter.php(58): CController->filterAccessControl(Object(CFilterChain))
#5 C:\xampp\htdocs\yii\framework\web\filters\CFilterChain.php(130): CInlineFilter->filter(Object(CFilterChain))
#6 C:\xampp\htdocs\yii\framework\web\CController.php(291): CFilterChain->run()
#7 C:\xampp\htdocs\yii\framework\web\CController.php(265): CController->runActionWithFilters(Object(CInlineAction), Array)
#8 C:\xampp\htdocs\yii\framework\web\CWebApplication.php(282): CController->run('admin')
#9 C:\xampp\htdocs\yii\framework\web\CWebApplication.php(141): CWebApplication->runController('issue/admin')
#10 C:\xampp\htdocs\yii\framework\base\CApplication.php(184): CWebApplication->processRequest()
#11 C:\xampp\htdocs\trackstar\index.php(13): CApplication->run()
#12 {main}
REQUEST_URI=/trackstar/index.php?r=issue/admin
HTTP_REFERER=http://localhost/trackstar/index.php?r=issue/create&pid=1
---
2015/10/28 02:01:50 [error] [exception.CHttpException.403] exception 'CHttpException' with message 'Must specify a project before performing this action.' in C:\xampp\htdocs\trackstar\protected\controllers\IssueController.php:220
Stack trace:
#0 C:\xampp\htdocs\yii\framework\web\filters\CInlineFilter.php(58): IssueController->filterProjectContext(Object(CFilterChain))
#1 C:\xampp\htdocs\yii\framework\web\filters\CFilterChain.php(130): CInlineFilter->filter(Object(CFilterChain))
#2 C:\xampp\htdocs\yii\framework\web\filters\CFilter.php(40): CFilterChain->run()
#3 C:\xampp\htdocs\yii\framework\web\CController.php(1145): CFilter->filter(Object(CFilterChain))
#4 C:\xampp\htdocs\yii\framework\web\filters\CInlineFilter.php(58): CController->filterAccessControl(Object(CFilterChain))
#5 C:\xampp\htdocs\yii\framework\web\filters\CFilterChain.php(130): CInlineFilter->filter(Object(CFilterChain))
#6 C:\xampp\htdocs\yii\framework\web\CController.php(291): CFilterChain->run()
#7 C:\xampp\htdocs\yii\framework\web\CController.php(265): CController->runActionWithFilters(Object(CInlineAction), Array)
#8 C:\xampp\htdocs\yii\framework\web\CWebApplication.php(282): CController->run('admin')
#9 C:\xampp\htdocs\yii\framework\web\CWebApplication.php(141): CWebApplication->runController('issue/admin')
#10 C:\xampp\htdocs\yii\framework\base\CApplication.php(184): CWebApplication->processRequest()
#11 C:\xampp\htdocs\trackstar\index.php(13): CApplication->run()
#12 {main}
REQUEST_URI=/trackstar/index.php?r=issue/admin
HTTP_REFERER=http://localhost/trackstar/index.php?r=issue/create&pid=1
---
2015/10/28 02:13:06 [error] [exception.CHttpException.403] exception 'CHttpException' with message 'Must specify a project before performing this action.' in C:\xampp\htdocs\trackstar\protected\controllers\IssueController.php:220
Stack trace:
#0 C:\xampp\htdocs\yii\framework\web\filters\CInlineFilter.php(58): IssueController->filterProjectContext(Object(CFilterChain))
#1 C:\xampp\htdocs\yii\framework\web\filters\CFilterChain.php(130): CInlineFilter->filter(Object(CFilterChain))
#2 C:\xampp\htdocs\yii\framework\web\filters\CFilter.php(40): CFilterChain->run()
#3 C:\xampp\htdocs\yii\framework\web\CController.php(1145): CFilter->filter(Object(CFilterChain))
#4 C:\xampp\htdocs\yii\framework\web\filters\CInlineFilter.php(58): CController->filterAccessControl(Object(CFilterChain))
#5 C:\xampp\htdocs\yii\framework\web\filters\CFilterChain.php(130): CInlineFilter->filter(Object(CFilterChain))
#6 C:\xampp\htdocs\yii\framework\web\CController.php(291): CFilterChain->run()
#7 C:\xampp\htdocs\yii\framework\web\CController.php(265): CController->runActionWithFilters(Object(CInlineAction), Array)
#8 C:\xampp\htdocs\yii\framework\web\CWebApplication.php(282): CController->run('index')
#9 C:\xampp\htdocs\yii\framework\web\CWebApplication.php(141): CWebApplication->runController('issue/index')
#10 C:\xampp\htdocs\yii\framework\base\CApplication.php(184): CWebApplication->processRequest()
#11 C:\xampp\htdocs\trackstar\index.php(13): CApplication->run()
#12 {main}
REQUEST_URI=/trackstar/index.php?r=issue/index
HTTP_REFERER=http://localhost/trackstar/index.php?r=issue/admin&pid=1
---
2015/10/28 02:18:58 [error] [exception.CHttpException.403] exception 'CHttpException' with message 'Must specify a project before performing this action.' in C:\xampp\htdocs\trackstar\protected\controllers\IssueController.php:220
Stack trace:
#0 C:\xampp\htdocs\yii\framework\web\filters\CInlineFilter.php(58): IssueController->filterProjectContext(Object(CFilterChain))
#1 C:\xampp\htdocs\yii\framework\web\filters\CFilterChain.php(130): CInlineFilter->filter(Object(CFilterChain))
#2 C:\xampp\htdocs\yii\framework\web\filters\CFilter.php(40): CFilterChain->run()
#3 C:\xampp\htdocs\yii\framework\web\CController.php(1145): CFilter->filter(Object(CFilterChain))
#4 C:\xampp\htdocs\yii\framework\web\filters\CInlineFilter.php(58): CController->filterAccessControl(Object(CFilterChain))
#5 C:\xampp\htdocs\yii\framework\web\filters\CFilterChain.php(130): CInlineFilter->filter(Object(CFilterChain))
#6 C:\xampp\htdocs\yii\framework\web\CController.php(291): CFilterChain->run()
#7 C:\xampp\htdocs\yii\framework\web\CController.php(265): CController->runActionWithFilters(Object(CInlineAction), Array)
#8 C:\xampp\htdocs\yii\framework\web\CWebApplication.php(282): CController->run('index')
#9 C:\xampp\htdocs\yii\framework\web\CWebApplication.php(141): CWebApplication->runController('issue/index')
#10 C:\xampp\htdocs\yii\framework\base\CApplication.php(184): CWebApplication->processRequest()
#11 C:\xampp\htdocs\trackstar\index.php(13): CApplication->run()
#12 {main}
REQUEST_URI=/trackstar/index.php?r=issue/index
HTTP_REFERER=http://localhost/trackstar/index.php?r=issue/admin&pid=1
---
2015/10/28 02:19:05 [error] [exception.CHttpException.403] exception 'CHttpException' with message 'Must specify a project before performing this action.' in C:\xampp\htdocs\trackstar\protected\controllers\IssueController.php:220
Stack trace:
#0 C:\xampp\htdocs\yii\framework\web\filters\CInlineFilter.php(58): IssueController->filterProjectContext(Object(CFilterChain))
#1 C:\xampp\htdocs\yii\framework\web\filters\CFilterChain.php(130): CInlineFilter->filter(Object(CFilterChain))
#2 C:\xampp\htdocs\yii\framework\web\filters\CFilter.php(40): CFilterChain->run()
#3 C:\xampp\htdocs\yii\framework\web\CController.php(1145): CFilter->filter(Object(CFilterChain))
#4 C:\xampp\htdocs\yii\framework\web\filters\CInlineFilter.php(58): CController->filterAccessControl(Object(CFilterChain))
#5 C:\xampp\htdocs\yii\framework\web\filters\CFilterChain.php(130): CInlineFilter->filter(Object(CFilterChain))
#6 C:\xampp\htdocs\yii\framework\web\CController.php(291): CFilterChain->run()
#7 C:\xampp\htdocs\yii\framework\web\CController.php(265): CController->runActionWithFilters(Object(CInlineAction), Array)
#8 C:\xampp\htdocs\yii\framework\web\CWebApplication.php(282): CController->run('create')
#9 C:\xampp\htdocs\yii\framework\web\CWebApplication.php(141): CWebApplication->runController('issue/create')
#10 C:\xampp\htdocs\yii\framework\base\CApplication.php(184): CWebApplication->processRequest()
#11 C:\xampp\htdocs\trackstar\index.php(13): CApplication->run()
#12 {main}
REQUEST_URI=/trackstar/index.php?r=issue/create
HTTP_REFERER=http://localhost/trackstar/index.php?r=issue/admin&pid=1
---
2015/10/28 02:20:00 [error] [exception.CHttpException.403] exception 'CHttpException' with message 'Must specify a project before performing this action.' in C:\xampp\htdocs\trackstar\protected\controllers\IssueController.php:220
Stack trace:
#0 C:\xampp\htdocs\yii\framework\web\filters\CInlineFilter.php(58): IssueController->filterProjectContext(Object(CFilterChain))
#1 C:\xampp\htdocs\yii\framework\web\filters\CFilterChain.php(130): CInlineFilter->filter(Object(CFilterChain))
#2 C:\xampp\htdocs\yii\framework\web\filters\CFilter.php(40): CFilterChain->run()
#3 C:\xampp\htdocs\yii\framework\web\CController.php(1145): CFilter->filter(Object(CFilterChain))
#4 C:\xampp\htdocs\yii\framework\web\filters\CInlineFilter.php(58): CController->filterAccessControl(Object(CFilterChain))
#5 C:\xampp\htdocs\yii\framework\web\filters\CFilterChain.php(130): CInlineFilter->filter(Object(CFilterChain))
#6 C:\xampp\htdocs\yii\framework\web\CController.php(291): CFilterChain->run()
#7 C:\xampp\htdocs\yii\framework\web\CController.php(265): CController->runActionWithFilters(Object(CInlineAction), Array)
#8 C:\xampp\htdocs\yii\framework\web\CWebApplication.php(282): CController->run('index')
#9 C:\xampp\htdocs\yii\framework\web\CWebApplication.php(141): CWebApplication->runController('issue/index')
#10 C:\xampp\htdocs\yii\framework\base\CApplication.php(184): CWebApplication->processRequest()
#11 C:\xampp\htdocs\trackstar\index.php(13): CApplication->run()
#12 {main}
REQUEST_URI=/trackstar/index.php?r=issue/index
HTTP_REFERER=http://localhost/trackstar/index.php?r=issue/create&pid=1
---
2015/10/28 02:20:57 [error] [exception.CHttpException.403] exception 'CHttpException' with message 'Must specify a project before performing this action.' in C:\xampp\htdocs\trackstar\protected\controllers\IssueController.php:220
Stack trace:
#0 C:\xampp\htdocs\yii\framework\web\filters\CInlineFilter.php(58): IssueController->filterProjectContext(Object(CFilterChain))
#1 C:\xampp\htdocs\yii\framework\web\filters\CFilterChain.php(130): CInlineFilter->filter(Object(CFilterChain))
#2 C:\xampp\htdocs\yii\framework\web\filters\CFilter.php(40): CFilterChain->run()
#3 C:\xampp\htdocs\yii\framework\web\CController.php(1145): CFilter->filter(Object(CFilterChain))
#4 C:\xampp\htdocs\yii\framework\web\filters\CInlineFilter.php(58): CController->filterAccessControl(Object(CFilterChain))
#5 C:\xampp\htdocs\yii\framework\web\filters\CFilterChain.php(130): CInlineFilter->filter(Object(CFilterChain))
#6 C:\xampp\htdocs\yii\framework\web\CController.php(291): CFilterChain->run()
#7 C:\xampp\htdocs\yii\framework\web\CController.php(265): CController->runActionWithFilters(Object(CInlineAction), Array)
#8 C:\xampp\htdocs\yii\framework\web\CWebApplication.php(282): CController->run('index')
#9 C:\xampp\htdocs\yii\framework\web\CWebApplication.php(141): CWebApplication->runController('issue/index')
#10 C:\xampp\htdocs\yii\framework\base\CApplication.php(184): CWebApplication->processRequest()
#11 C:\xampp\htdocs\trackstar\index.php(13): CApplication->run()
#12 {main}
REQUEST_URI=/trackstar/index.php?r=issue/index
HTTP_REFERER=http://localhost/trackstar/index.php?r=issue/create&pid=1
---
2015/10/28 02:21:12 [error] [exception.CHttpException.403] exception 'CHttpException' with message 'Must specify a project before performing this action.' in C:\xampp\htdocs\trackstar\protected\controllers\IssueController.php:220
Stack trace:
#0 C:\xampp\htdocs\yii\framework\web\filters\CInlineFilter.php(58): IssueController->filterProjectContext(Object(CFilterChain))
#1 C:\xampp\htdocs\yii\framework\web\filters\CFilterChain.php(130): CInlineFilter->filter(Object(CFilterChain))
#2 C:\xampp\htdocs\yii\framework\web\filters\CFilter.php(40): CFilterChain->run()
#3 C:\xampp\htdocs\yii\framework\web\CController.php(1145): CFilter->filter(Object(CFilterChain))
#4 C:\xampp\htdocs\yii\framework\web\filters\CInlineFilter.php(58): CController->filterAccessControl(Object(CFilterChain))
#5 C:\xampp\htdocs\yii\framework\web\filters\CFilterChain.php(130): CInlineFilter->filter(Object(CFilterChain))
#6 C:\xampp\htdocs\yii\framework\web\CController.php(291): CFilterChain->run()
#7 C:\xampp\htdocs\yii\framework\web\CController.php(265): CController->runActionWithFilters(Object(CInlineAction), Array)
#8 C:\xampp\htdocs\yii\framework\web\CWebApplication.php(282): CController->run('admin')
#9 C:\xampp\htdocs\yii\framework\web\CWebApplication.php(141): CWebApplication->runController('issue/admin')
#10 C:\xampp\htdocs\yii\framework\base\CApplication.php(184): CWebApplication->processRequest()
#11 C:\xampp\htdocs\trackstar\index.php(13): CApplication->run()
#12 {main}
REQUEST_URI=/trackstar/index.php?r=issue/admin
HTTP_REFERER=http://localhost/trackstar/index.php?r=issue/index&pid=1
---
2015/10/28 02:21:36 [error] [exception.CHttpException.403] exception 'CHttpException' with message 'Must specify a project before performing this action.' in C:\xampp\htdocs\trackstar\protected\controllers\IssueController.php:220
Stack trace:
#0 C:\xampp\htdocs\yii\framework\web\filters\CInlineFilter.php(58): IssueController->filterProjectContext(Object(CFilterChain))
#1 C:\xampp\htdocs\yii\framework\web\filters\CFilterChain.php(130): CInlineFilter->filter(Object(CFilterChain))
#2 C:\xampp\htdocs\yii\framework\web\filters\CFilter.php(40): CFilterChain->run()
#3 C:\xampp\htdocs\yii\framework\web\CController.php(1145): CFilter->filter(Object(CFilterChain))
#4 C:\xampp\htdocs\yii\framework\web\filters\CInlineFilter.php(58): CController->filterAccessControl(Object(CFilterChain))
#5 C:\xampp\htdocs\yii\framework\web\filters\CFilterChain.php(130): CInlineFilter->filter(Object(CFilterChain))
#6 C:\xampp\htdocs\yii\framework\web\CController.php(291): CFilterChain->run()
#7 C:\xampp\htdocs\yii\framework\web\CController.php(265): CController->runActionWithFilters(Object(CInlineAction), Array)
#8 C:\xampp\htdocs\yii\framework\web\CWebApplication.php(282): CController->run('admin')
#9 C:\xampp\htdocs\yii\framework\web\CWebApplication.php(141): CWebApplication->runController('issue/admin')
#10 C:\xampp\htdocs\yii\framework\base\CApplication.php(184): CWebApplication->processRequest()
#11 C:\xampp\htdocs\trackstar\index.php(13): CApplication->run()
#12 {main}
REQUEST_URI=/trackstar/index.php?r=issue/admin
HTTP_REFERER=http://localhost/trackstar/index.php?r=issue/create&pid=1
---
2015/10/28 02:21:44 [error] [exception.CHttpException.403] exception 'CHttpException' with message 'Must specify a project before performing this action.' in C:\xampp\htdocs\trackstar\protected\controllers\IssueController.php:220
Stack trace:
#0 C:\xampp\htdocs\yii\framework\web\filters\CInlineFilter.php(58): IssueController->filterProjectContext(Object(CFilterChain))
#1 C:\xampp\htdocs\yii\framework\web\filters\CFilterChain.php(130): CInlineFilter->filter(Object(CFilterChain))
#2 C:\xampp\htdocs\yii\framework\web\filters\CFilter.php(40): CFilterChain->run()
#3 C:\xampp\htdocs\yii\framework\web\CController.php(1145): CFilter->filter(Object(CFilterChain))
#4 C:\xampp\htdocs\yii\framework\web\filters\CInlineFilter.php(58): CController->filterAccessControl(Object(CFilterChain))
#5 C:\xampp\htdocs\yii\framework\web\filters\CFilterChain.php(130): CInlineFilter->filter(Object(CFilterChain))
#6 C:\xampp\htdocs\yii\framework\web\CController.php(291): CFilterChain->run()
#7 C:\xampp\htdocs\yii\framework\web\CController.php(265): CController->runActionWithFilters(Object(CInlineAction), Array)
#8 C:\xampp\htdocs\yii\framework\web\CWebApplication.php(282): CController->run('index')
#9 C:\xampp\htdocs\yii\framework\web\CWebApplication.php(141): CWebApplication->runController('issue/index')
#10 C:\xampp\htdocs\yii\framework\base\CApplication.php(184): CWebApplication->processRequest()
#11 C:\xampp\htdocs\trackstar\index.php(13): CApplication->run()
#12 {main}
REQUEST_URI=/trackstar/index.php?r=issue/index
HTTP_REFERER=http://localhost/trackstar/index.php?r=issue/create&pid=1
---
2015/10/28 06:19:50 [error] [exception.CHttpException.403] exception 'CHttpException' with message 'Must specify a project before performing this action.' in C:\xampp\htdocs\trackstar\protected\controllers\IssueController.php:220
Stack trace:
#0 C:\xampp\htdocs\yii\framework\web\filters\CInlineFilter.php(58): IssueController->filterProjectContext(Object(CFilterChain))
#1 C:\xampp\htdocs\yii\framework\web\filters\CFilterChain.php(130): CInlineFilter->filter(Object(CFilterChain))
#2 C:\xampp\htdocs\yii\framework\web\filters\CFilter.php(40): CFilterChain->run()
#3 C:\xampp\htdocs\yii\framework\web\CController.php(1145): CFilter->filter(Object(CFilterChain))
#4 C:\xampp\htdocs\yii\framework\web\filters\CInlineFilter.php(58): CController->filterAccessControl(Object(CFilterChain))
#5 C:\xampp\htdocs\yii\framework\web\filters\CFilterChain.php(130): CInlineFilter->filter(Object(CFilterChain))
#6 C:\xampp\htdocs\yii\framework\web\CController.php(291): CFilterChain->run()
#7 C:\xampp\htdocs\yii\framework\web\CController.php(265): CController->runActionWithFilters(Object(CInlineAction), Array)
#8 C:\xampp\htdocs\yii\framework\web\CWebApplication.php(282): CController->run('index')
#9 C:\xampp\htdocs\yii\framework\web\CWebApplication.php(141): CWebApplication->runController('issue/index')
#10 C:\xampp\htdocs\yii\framework\base\CApplication.php(184): CWebApplication->processRequest()
#11 C:\xampp\htdocs\trackstar\index.php(13): CApplication->run()
#12 {main}
REQUEST_URI=/trackstar/index.php?r=issue/index
HTTP_REFERER=http://localhost/trackstar/index.php?r=issue/create&pid=1
---
2015/10/28 16:49:40 [error] [exception.CException] exception 'CException' with message 'Property "UserIdentity._id" is not defined.' in C:\xampp\htdocs\yii\framework\base\CComponent.php:173
Stack trace:
#0 C:\xampp\htdocs\trackstar\protected\components\UserIdentity.php(18): CComponent->__set('_id', '1')
#1 C:\xampp\htdocs\trackstar\protected\models\LoginForm.php(52): UserIdentity->authenticate()
#2 C:\xampp\htdocs\yii\framework\validators\CInlineValidator.php(42): LoginForm->authenticate('password', Array)
#3 C:\xampp\htdocs\yii\framework\validators\CValidator.php(201): CInlineValidator->validateAttribute(Object(LoginForm), 'password')
#4 C:\xampp\htdocs\yii\framework\base\CModel.php(159): CValidator->validate(Object(LoginForm), NULL)
#5 C:\xampp\htdocs\trackstar\protected\controllers\SiteController.php(94): CModel->validate()
#6 C:\xampp\htdocs\yii\framework\web\actions\CInlineAction.php(49): SiteController->actionLogin()
#7 C:\xampp\htdocs\yii\framework\web\CController.php(308): CInlineAction->runWithParams(Array)
#8 C:\xampp\htdocs\yii\framework\web\CController.php(286): CController->runAction(Object(CInlineAction))
#9 C:\xampp\htdocs\yii\framework\web\CController.php(265): CController->runActionWithFilters(Object(CInlineAction), Array)
#10 C:\xampp\htdocs\yii\framework\web\CWebApplication.php(282): CController->run('login')
#11 C:\xampp\htdocs\yii\framework\web\CWebApplication.php(141): CWebApplication->runController('site/login')
#12 C:\xampp\htdocs\yii\framework\base\CApplication.php(184): CWebApplication->processRequest()
#13 C:\xampp\htdocs\trackstar\index.php(13): CApplication->run()
#14 {main}
REQUEST_URI=/trackstar/index.php?r=site/login
HTTP_REFERER=http://localhost/trackstar/index.php?r=site/login
---
2015/10/28 17:38:59 [error] [exception.CException] exception 'CException' with message 'Property "UserIdentity._id" is not defined.' in C:\xampp\htdocs\yii\framework\base\CComponent.php:173
Stack trace:
#0 C:\xampp\htdocs\trackstar\protected\components\UserIdentity.php(18): CComponent->__set('_id', '1')
#1 C:\xampp\htdocs\trackstar\protected\models\LoginForm.php(52): UserIdentity->authenticate()
#2 C:\xampp\htdocs\yii\framework\validators\CInlineValidator.php(42): LoginForm->authenticate('password', Array)
#3 C:\xampp\htdocs\yii\framework\validators\CValidator.php(201): CInlineValidator->validateAttribute(Object(LoginForm), 'password')
#4 C:\xampp\htdocs\yii\framework\base\CModel.php(159): CValidator->validate(Object(LoginForm), NULL)
#5 C:\xampp\htdocs\trackstar\protected\controllers\SiteController.php(94): CModel->validate()
#6 C:\xampp\htdocs\yii\framework\web\actions\CInlineAction.php(49): SiteController->actionLogin()
#7 C:\xampp\htdocs\yii\framework\web\CController.php(308): CInlineAction->runWithParams(Array)
#8 C:\xampp\htdocs\yii\framework\web\CController.php(286): CController->runAction(Object(CInlineAction))
#9 C:\xampp\htdocs\yii\framework\web\CController.php(265): CController->runActionWithFilters(Object(CInlineAction), Array)
#10 C:\xampp\htdocs\yii\framework\web\CWebApplication.php(282): CController->run('login')
#11 C:\xampp\htdocs\yii\framework\web\CWebApplication.php(141): CWebApplication->runController('site/login')
#12 C:\xampp\htdocs\yii\framework\base\CApplication.php(184): CWebApplication->processRequest()
#13 C:\xampp\htdocs\trackstar\index.php(13): CApplication->run()
#14 {main}
REQUEST_URI=/trackstar/index.php?r=site/login
HTTP_REFERER=http://localhost/trackstar/index.php?r=site/login
---
2015/10/29 17:57:20 [error] [exception.CHttpException.403] exception 'CHttpException' with message 'You are not authorized to perform this action.' in C:\xampp\htdocs\trackstar\protected\controllers\ProjectController.php:169
Stack trace:
#0 [internal function]: ProjectController->actionAdduser('2')
#1 C:\xampp\htdocs\yii\framework\web\actions\CAction.php(109): ReflectionMethod->invokeArgs(Object(ProjectController), Array)
#2 C:\xampp\htdocs\yii\framework\web\actions\CInlineAction.php(47): CAction->runWithParamsInternal(Object(ProjectController), Object(ReflectionMethod), Array)
#3 C:\xampp\htdocs\yii\framework\web\CController.php(308): CInlineAction->runWithParams(Array)
#4 C:\xampp\htdocs\yii\framework\web\filters\CFilterChain.php(133): CController->runAction(Object(CInlineAction))
#5 C:\xampp\htdocs\yii\framework\web\filters\CFilter.php(40): CFilterChain->run()
#6 C:\xampp\htdocs\yii\framework\web\CController.php(1145): CFilter->filter(Object(CFilterChain))
#7 C:\xampp\htdocs\yii\framework\web\filters\CInlineFilter.php(58): CController->filterAccessControl(Object(CFilterChain))
#8 C:\xampp\htdocs\yii\framework\web\filters\CFilterChain.php(130): CInlineFilter->filter(Object(CFilterChain))
#9 C:\xampp\htdocs\yii\framework\web\CController.php(291): CFilterChain->run()
#10 C:\xampp\htdocs\yii\framework\web\CController.php(265): CController->runActionWithFilters(Object(CInlineAction), Array)
#11 C:\xampp\htdocs\yii\framework\web\CWebApplication.php(282): CController->run('adduser')
#12 C:\xampp\htdocs\yii\framework\web\CWebApplication.php(141): CWebApplication->runController('project/adduser')
#13 C:\xampp\htdocs\yii\framework\base\CApplication.php(184): CWebApplication->processRequest()
#14 C:\xampp\htdocs\trackstar\index.php(13): CApplication->run()
#15 {main}
REQUEST_URI=/trackstar/index.php?r=project/adduser&id=2
HTTP_REFERER=http://localhost/trackstar/index.php?r=project/view&id=2
---
2015/10/29 18:08:40 [error] [exception.CHttpException.403] exception 'CHttpException' with message 'You are not authorized to perform this action.' in C:\xampp\htdocs\trackstar\protected\controllers\ProjectController.php:169
Stack trace:
#0 [internal function]: ProjectController->actionAdduser('2')
#1 C:\xampp\htdocs\yii\framework\web\actions\CAction.php(109): ReflectionMethod->invokeArgs(Object(ProjectController), Array)
#2 C:\xampp\htdocs\yii\framework\web\actions\CInlineAction.php(47): CAction->runWithParamsInternal(Object(ProjectController), Object(ReflectionMethod), Array)
#3 C:\xampp\htdocs\yii\framework\web\CController.php(308): CInlineAction->runWithParams(Array)
#4 C:\xampp\htdocs\yii\framework\web\filters\CFilterChain.php(133): CController->runAction(Object(CInlineAction))
#5 C:\xampp\htdocs\yii\framework\web\filters\CFilter.php(40): CFilterChain->run()
#6 C:\xampp\htdocs\yii\framework\web\CController.php(1145): CFilter->filter(Object(CFilterChain))
#7 C:\xampp\htdocs\yii\framework\web\filters\CInlineFilter.php(58): CController->filterAccessControl(Object(CFilterChain))
#8 C:\xampp\htdocs\yii\framework\web\filters\CFilterChain.php(130): CInlineFilter->filter(Object(CFilterChain))
#9 C:\xampp\htdocs\yii\framework\web\CController.php(291): CFilterChain->run()
#10 C:\xampp\htdocs\yii\framework\web\CController.php(265): CController->runActionWithFilters(Object(CInlineAction), Array)
#11 C:\xampp\htdocs\yii\framework\web\CWebApplication.php(282): CController->run('adduser')
#12 C:\xampp\htdocs\yii\framework\web\CWebApplication.php(141): CWebApplication->runController('project/adduser')
#13 C:\xampp\htdocs\yii\framework\base\CApplication.php(184): CWebApplication->processRequest()
#14 C:\xampp\htdocs\trackstar\index.php(13): CApplication->run()
#15 {main}
REQUEST_URI=/trackstar/index.php?r=project/adduser&id=2
HTTP_REFERER=http://localhost/trackstar/index.php?r=project/view&id=2
---
2015/10/29 18:16:40 [error] [exception.CHttpException.403] exception 'CHttpException' with message 'You are not authorized to perform this action.' in C:\xampp\htdocs\trackstar\protected\controllers\ProjectController.php:169
Stack trace:
#0 [internal function]: ProjectController->actionAdduser('2')
#1 C:\xampp\htdocs\yii\framework\web\actions\CAction.php(109): ReflectionMethod->invokeArgs(Object(ProjectController), Array)
#2 C:\xampp\htdocs\yii\framework\web\actions\CInlineAction.php(47): CAction->runWithParamsInternal(Object(ProjectController), Object(ReflectionMethod), Array)
#3 C:\xampp\htdocs\yii\framework\web\CController.php(308): CInlineAction->runWithParams(Array)
#4 C:\xampp\htdocs\yii\framework\web\filters\CFilterChain.php(133): CController->runAction(Object(CInlineAction))
#5 C:\xampp\htdocs\yii\framework\web\filters\CFilter.php(40): CFilterChain->run()
#6 C:\xampp\htdocs\yii\framework\web\CController.php(1145): CFilter->filter(Object(CFilterChain))
#7 C:\xampp\htdocs\yii\framework\web\filters\CInlineFilter.php(58): CController->filterAccessControl(Object(CFilterChain))
#8 C:\xampp\htdocs\yii\framework\web\filters\CFilterChain.php(130): CInlineFilter->filter(Object(CFilterChain))
#9 C:\xampp\htdocs\yii\framework\web\CController.php(291): CFilterChain->run()
#10 C:\xampp\htdocs\yii\framework\web\CController.php(265): CController->runActionWithFilters(Object(CInlineAction), Array)
#11 C:\xampp\htdocs\yii\framework\web\CWebApplication.php(282): CController->run('adduser')
#12 C:\xampp\htdocs\yii\framework\web\CWebApplication.php(141): CWebApplication->runController('project/adduser')
#13 C:\xampp\htdocs\yii\framework\base\CApplication.php(184): CWebApplication->processRequest()
#14 C:\xampp\htdocs\trackstar\index.php(13): CApplication->run()
#15 {main}
REQUEST_URI=/trackstar/index.php?r=project/adduser&id=2
HTTP_REFERER=http://localhost/trackstar/index.php?r=project/view&id=2
---
2015/10/29 18:18:00 [error] [exception.CHttpException.403] exception 'CHttpException' with message 'You are not authorized to perform this action.' in C:\xampp\htdocs\trackstar\protected\controllers\ProjectController.php:169
Stack trace:
#0 [internal function]: ProjectController->actionAdduser('2')
#1 C:\xampp\htdocs\yii\framework\web\actions\CAction.php(109): ReflectionMethod->invokeArgs(Object(ProjectController), Array)
#2 C:\xampp\htdocs\yii\framework\web\actions\CInlineAction.php(47): CAction->runWithParamsInternal(Object(ProjectController), Object(ReflectionMethod), Array)
#3 C:\xampp\htdocs\yii\framework\web\CController.php(308): CInlineAction->runWithParams(Array)
#4 C:\xampp\htdocs\yii\framework\web\filters\CFilterChain.php(133): CController->runAction(Object(CInlineAction))
#5 C:\xampp\htdocs\yii\framework\web\filters\CFilter.php(40): CFilterChain->run()
#6 C:\xampp\htdocs\yii\framework\web\CController.php(1145): CFilter->filter(Object(CFilterChain))
#7 C:\xampp\htdocs\yii\framework\web\filters\CInlineFilter.php(58): CController->filterAccessControl(Object(CFilterChain))
#8 C:\xampp\htdocs\yii\framework\web\filters\CFilterChain.php(130): CInlineFilter->filter(Object(CFilterChain))
#9 C:\xampp\htdocs\yii\framework\web\CController.php(291): CFilterChain->run()
#10 C:\xampp\htdocs\yii\framework\web\CController.php(265): CController->runActionWithFilters(Object(CInlineAction), Array)
#11 C:\xampp\htdocs\yii\framework\web\CWebApplication.php(282): CController->run('adduser')
#12 C:\xampp\htdocs\yii\framework\web\CWebApplication.php(141): CWebApplication->runController('project/adduser')
#13 C:\xampp\htdocs\yii\framework\base\CApplication.php(184): CWebApplication->processRequest()
#14 C:\xampp\htdocs\trackstar\index.php(13): CApplication->run()
#15 {main}
REQUEST_URI=/trackstar/index.php?r=project/adduser&id=2
HTTP_REFERER=http://localhost/trackstar/index.php?r=project/view&id=2
---
2015/10/29 18:19:31 [error] [exception.CHttpException.403] exception 'CHttpException' with message 'You are not authorized to perform this action.' in C:\xampp\htdocs\trackstar\protected\controllers\ProjectController.php:169
Stack trace:
#0 [internal function]: ProjectController->actionAdduser('1')
#1 C:\xampp\htdocs\yii\framework\web\actions\CAction.php(109): ReflectionMethod->invokeArgs(Object(ProjectController), Array)
#2 C:\xampp\htdocs\yii\framework\web\actions\CInlineAction.php(47): CAction->runWithParamsInternal(Object(ProjectController), Object(ReflectionMethod), Array)
#3 C:\xampp\htdocs\yii\framework\web\CController.php(308): CInlineAction->runWithParams(Array)
#4 C:\xampp\htdocs\yii\framework\web\filters\CFilterChain.php(133): CController->runAction(Object(CInlineAction))
#5 C:\xampp\htdocs\yii\framework\web\filters\CFilter.php(40): CFilterChain->run()
#6 C:\xampp\htdocs\yii\framework\web\CController.php(1145): CFilter->filter(Object(CFilterChain))
#7 C:\xampp\htdocs\yii\framework\web\filters\CInlineFilter.php(58): CController->filterAccessControl(Object(CFilterChain))
#8 C:\xampp\htdocs\yii\framework\web\filters\CFilterChain.php(130): CInlineFilter->filter(Object(CFilterChain))
#9 C:\xampp\htdocs\yii\framework\web\CController.php(291): CFilterChain->run()
#10 C:\xampp\htdocs\yii\framework\web\CController.php(265): CController->runActionWithFilters(Object(CInlineAction), Array)
#11 C:\xampp\htdocs\yii\framework\web\CWebApplication.php(282): CController->run('adduser')
#12 C:\xampp\htdocs\yii\framework\web\CWebApplication.php(141): CWebApplication->runController('project/adduser')
#13 C:\xampp\htdocs\yii\framework\base\CApplication.php(184): CWebApplication->processRequest()
#14 C:\xampp\htdocs\trackstar\index.php(13): CApplication->run()
#15 {main}
REQUEST_URI=/trackstar/index.php?r=project/adduser&id=1
HTTP_REFERER=http://localhost/trackstar/index.php?r=project/view&id=1
---
2015/10/29 18:19:50 [error] [exception.CHttpException.403] exception 'CHttpException' with message 'You are not authorized to perform this action.' in C:\xampp\htdocs\trackstar\protected\controllers\ProjectController.php:169
Stack trace:
#0 [internal function]: ProjectController->actionAdduser('2')
#1 C:\xampp\htdocs\yii\framework\web\actions\CAction.php(109): ReflectionMethod->invokeArgs(Object(ProjectController), Array)
#2 C:\xampp\htdocs\yii\framework\web\actions\CInlineAction.php(47): CAction->runWithParamsInternal(Object(ProjectController), Object(ReflectionMethod), Array)
#3 C:\xampp\htdocs\yii\framework\web\CController.php(308): CInlineAction->runWithParams(Array)
#4 C:\xampp\htdocs\yii\framework\web\filters\CFilterChain.php(133): CController->runAction(Object(CInlineAction))
#5 C:\xampp\htdocs\yii\framework\web\filters\CFilter.php(40): CFilterChain->run()
#6 C:\xampp\htdocs\yii\framework\web\CController.php(1145): CFilter->filter(Object(CFilterChain))
#7 C:\xampp\htdocs\yii\framework\web\filters\CInlineFilter.php(58): CController->filterAccessControl(Object(CFilterChain))
#8 C:\xampp\htdocs\yii\framework\web\filters\CFilterChain.php(130): CInlineFilter->filter(Object(CFilterChain))
#9 C:\xampp\htdocs\yii\framework\web\CController.php(291): CFilterChain->run()
#10 C:\xampp\htdocs\yii\framework\web\CController.php(265): CController->runActionWithFilters(Object(CInlineAction), Array)
#11 C:\xampp\htdocs\yii\framework\web\CWebApplication.php(282): CController->run('adduser')
#12 C:\xampp\htdocs\yii\framework\web\CWebApplication.php(141): CWebApplication->runController('project/adduser')
#13 C:\xampp\htdocs\yii\framework\base\CApplication.php(184): CWebApplication->processRequest()
#14 C:\xampp\htdocs\trackstar\index.php(13): CApplication->run()
#15 {main}
REQUEST_URI=/trackstar/index.php?r=project/adduser&id=2
HTTP_REFERER=http://localhost/trackstar/index.php?r=project/view&id=2
---
2015/10/30 04:21:37 [error] [exception.CHttpException.403] exception 'CHttpException' with message 'You are not authorized to perform this action.' in C:\xampp\htdocs\trackstar\protected\controllers\ProjectController.php:169
Stack trace:
#0 [internal function]: ProjectController->actionAdduser('2')
#1 C:\xampp\htdocs\yii\framework\web\actions\CAction.php(109): ReflectionMethod->invokeArgs(Object(ProjectController), Array)
#2 C:\xampp\htdocs\yii\framework\web\actions\CInlineAction.php(47): CAction->runWithParamsInternal(Object(ProjectController), Object(ReflectionMethod), Array)
#3 C:\xampp\htdocs\yii\framework\web\CController.php(308): CInlineAction->runWithParams(Array)
#4 C:\xampp\htdocs\yii\framework\web\filters\CFilterChain.php(133): CController->runAction(Object(CInlineAction))
#5 C:\xampp\htdocs\yii\framework\web\filters\CFilter.php(40): CFilterChain->run()
#6 C:\xampp\htdocs\yii\framework\web\CController.php(1145): CFilter->filter(Object(CFilterChain))
#7 C:\xampp\htdocs\yii\framework\web\filters\CInlineFilter.php(58): CController->filterAccessControl(Object(CFilterChain))
#8 C:\xampp\htdocs\yii\framework\web\filters\CFilterChain.php(130): CInlineFilter->filter(Object(CFilterChain))
#9 C:\xampp\htdocs\yii\framework\web\CController.php(291): CFilterChain->run()
#10 C:\xampp\htdocs\yii\framework\web\CController.php(265): CController->runActionWithFilters(Object(CInlineAction), Array)
#11 C:\xampp\htdocs\yii\framework\web\CWebApplication.php(282): CController->run('adduser')
#12 C:\xampp\htdocs\yii\framework\web\CWebApplication.php(141): CWebApplication->runController('project/adduser')
#13 C:\xampp\htdocs\yii\framework\base\CApplication.php(184): CWebApplication->processRequest()
#14 C:\xampp\htdocs\trackstar\index.php(13): CApplication->run()
#15 {main}
REQUEST_URI=/trackstar/index.php?r=project/adduser&id=2
HTTP_REFERER=http://localhost/trackstar/index.php?r=site/login
---
2015/10/30 04:22:22 [error] [exception.CHttpException.403] exception 'CHttpException' with message 'You are not authorized to perform this action.' in C:\xampp\htdocs\trackstar\protected\controllers\ProjectController.php:169
Stack trace:
#0 [internal function]: ProjectController->actionAdduser('1')
#1 C:\xampp\htdocs\yii\framework\web\actions\CAction.php(109): ReflectionMethod->invokeArgs(Object(ProjectController), Array)
#2 C:\xampp\htdocs\yii\framework\web\actions\CInlineAction.php(47): CAction->runWithParamsInternal(Object(ProjectController), Object(ReflectionMethod), Array)
#3 C:\xampp\htdocs\yii\framework\web\CController.php(308): CInlineAction->runWithParams(Array)
#4 C:\xampp\htdocs\yii\framework\web\filters\CFilterChain.php(133): CController->runAction(Object(CInlineAction))
#5 C:\xampp\htdocs\yii\framework\web\filters\CFilter.php(40): CFilterChain->run()
#6 C:\xampp\htdocs\yii\framework\web\CController.php(1145): CFilter->filter(Object(CFilterChain))
#7 C:\xampp\htdocs\yii\framework\web\filters\CInlineFilter.php(58): CController->filterAccessControl(Object(CFilterChain))
#8 C:\xampp\htdocs\yii\framework\web\filters\CFilterChain.php(130): CInlineFilter->filter(Object(CFilterChain))
#9 C:\xampp\htdocs\yii\framework\web\CController.php(291): CFilterChain->run()
#10 C:\xampp\htdocs\yii\framework\web\CController.php(265): CController->runActionWithFilters(Object(CInlineAction), Array)
#11 C:\xampp\htdocs\yii\framework\web\CWebApplication.php(282): CController->run('adduser')
#12 C:\xampp\htdocs\yii\framework\web\CWebApplication.php(141): CWebApplication->runController('project/adduser')
#13 C:\xampp\htdocs\yii\framework\base\CApplication.php(184): CWebApplication->processRequest()
#14 C:\xampp\htdocs\trackstar\index.php(13): CApplication->run()
#15 {main}
REQUEST_URI=/trackstar/index.php?r=project/adduser&id=1
HTTP_REFERER=http://localhost/trackstar/index.php?r=project/view&id=1
---
2015/10/30 04:25:43 [error] [exception.CHttpException.403] exception 'CHttpException' with message 'You are not authorized to perform this action.' in C:\xampp\htdocs\trackstar\protected\controllers\ProjectController.php:169
Stack trace:
#0 [internal function]: ProjectController->actionAdduser('1')
#1 C:\xampp\htdocs\yii\framework\web\actions\CAction.php(109): ReflectionMethod->invokeArgs(Object(ProjectController), Array)
#2 C:\xampp\htdocs\yii\framework\web\actions\CInlineAction.php(47): CAction->runWithParamsInternal(Object(ProjectController), Object(ReflectionMethod), Array)
#3 C:\xampp\htdocs\yii\framework\web\CController.php(308): CInlineAction->runWithParams(Array)
#4 C:\xampp\htdocs\yii\framework\web\filters\CFilterChain.php(133): CController->runAction(Object(CInlineAction))
#5 C:\xampp\htdocs\yii\framework\web\filters\CFilter.php(40): CFilterChain->run()
#6 C:\xampp\htdocs\yii\framework\web\CController.php(1145): CFilter->filter(Object(CFilterChain))
#7 C:\xampp\htdocs\yii\framework\web\filters\CInlineFilter.php(58): CController->filterAccessControl(Object(CFilterChain))
#8 C:\xampp\htdocs\yii\framework\web\filters\CFilterChain.php(130): CInlineFilter->filter(Object(CFilterChain))
#9 C:\xampp\htdocs\yii\framework\web\CController.php(291): CFilterChain->run()
#10 C:\xampp\htdocs\yii\framework\web\CController.php(265): CController->runActionWithFilters(Object(CInlineAction), Array)
#11 C:\xampp\htdocs\yii\framework\web\CWebApplication.php(282): CController->run('adduser')
#12 C:\xampp\htdocs\yii\framework\web\CWebApplication.php(141): CWebApplication->runController('project/adduser')
#13 C:\xampp\htdocs\yii\framework\base\CApplication.php(184): CWebApplication->processRequest()
#14 C:\xampp\htdocs\trackstar\index.php(13): CApplication->run()
#15 {main}
REQUEST_URI=/trackstar/index.php?r=project/adduser&id=1
HTTP_REFERER=http://localhost/trackstar/index.php?r=project/view&id=1
---
2015/10/30 04:48:29 [error] [exception.CHttpException.403] exception 'CHttpException' with message 'You are not authorized to perform this action.' in C:\xampp\htdocs\trackstar\protected\controllers\ProjectController.php:168
Stack trace:
#0 [internal function]: ProjectController->actionAdduser('3')
#1 C:\xampp\htdocs\yii\framework\web\actions\CAction.php(109): ReflectionMethod->invokeArgs(Object(ProjectController), Array)
#2 C:\xampp\htdocs\yii\framework\web\actions\CInlineAction.php(47): CAction->runWithParamsInternal(Object(ProjectController), Object(ReflectionMethod), Array)
#3 C:\xampp\htdocs\yii\framework\web\CController.php(308): CInlineAction->runWithParams(Array)
#4 C:\xampp\htdocs\yii\framework\web\filters\CFilterChain.php(133): CController->runAction(Object(CInlineAction))
#5 C:\xampp\htdocs\yii\framework\web\filters\CFilter.php(40): CFilterChain->run()
#6 C:\xampp\htdocs\yii\framework\web\CController.php(1145): CFilter->filter(Object(CFilterChain))
#7 C:\xampp\htdocs\yii\framework\web\filters\CInlineFilter.php(58): CController->filterAccessControl(Object(CFilterChain))
#8 C:\xampp\htdocs\yii\framework\web\filters\CFilterChain.php(130): CInlineFilter->filter(Object(CFilterChain))
#9 C:\xampp\htdocs\yii\framework\web\CController.php(291): CFilterChain->run()
#10 C:\xampp\htdocs\yii\framework\web\CController.php(265): CController->runActionWithFilters(Object(CInlineAction), Array)
#11 C:\xampp\htdocs\yii\framework\web\CWebApplication.php(282): CController->run('adduser')
#12 C:\xampp\htdocs\yii\framework\web\CWebApplication.php(141): CWebApplication->runController('project/adduser')
#13 C:\xampp\htdocs\yii\framework\base\CApplication.php(184): CWebApplication->processRequest()
#14 C:\xampp\htdocs\trackstar\index.php(13): CApplication->run()
#15 {main}
REQUEST_URI=/trackstar/index.php?r=project/adduser&id=3
HTTP_REFERER=http://localhost/trackstar/index.php?r=project/view&id=3
---
2015/10/30 08:16:25 [error] [php] include(RecentCommentsWidget.php): failed to open stream: No such file or directory (C:\xampp\htdocs\yii\framework\YiiBase.php:432)
Stack trace:
#0 unknown(0): spl_autoload_call()
#1 C:\xampp\htdocs\yii\framework\YiiBase.php(303): class_exists()
#2 C:\xampp\htdocs\yii\framework\web\CWidgetFactory.php(146): import()
#3 C:\xampp\htdocs\yii\framework\web\CBaseController.php(146): CWidgetFactory->createWidget()
#4 C:\xampp\htdocs\yii\framework\web\CBaseController.php(180): ProjectController->createWidget()
#5 C:\xampp\htdocs\trackstar\protected\views\project\index.php(24): ProjectController->widget()
#6 C:\xampp\htdocs\yii\framework\web\CBaseController.php(126): require()
#7 C:\xampp\htdocs\yii\framework\web\CBaseController.php(95): ProjectController->renderInternal()
#8 C:\xampp\htdocs\yii\framework\web\CController.php(869): ProjectController->renderFile()
#9 C:\xampp\htdocs\yii\framework\web\CController.php(782): ProjectController->renderPartial()
#10 C:\xampp\htdocs\trackstar\protected\controllers\ProjectController.php(113): ProjectController->render()
#11 C:\xampp\htdocs\yii\framework\web\actions\CInlineAction.php(49): ProjectController->actionIndex()
#12 C:\xampp\htdocs\yii\framework\web\CController.php(308): CInlineAction->runWithParams()
#13 C:\xampp\htdocs\yii\framework\web\filters\CFilterChain.php(133): ProjectController->runAction()
#14 C:\xampp\htdocs\yii\framework\web\filters\CFilter.php(40): CFilterChain->run()
#15 C:\xampp\htdocs\yii\framework\web\CController.php(1145): CAccessControlFilter->filter()
#16 C:\xampp\htdocs\yii\framework\web\filters\CInlineFilter.php(58): ProjectController->filterAccessControl()
#17 C:\xampp\htdocs\yii\framework\web\filters\CFilterChain.php(130): CInlineFilter->filter()
#18 C:\xampp\htdocs\yii\framework\web\CController.php(291): CFilterChain->run()
#19 C:\xampp\htdocs\yii\framework\web\CController.php(265): ProjectController->runActionWithFilters()
#20 C:\xampp\htdocs\yii\framework\web\CWebApplication.php(282): ProjectController->run()
#21 C:\xampp\htdocs\yii\framework\web\CWebApplication.php(141): CWebApplication->runController()
#22 C:\xampp\htdocs\yii\framework\base\CApplication.php(184): CWebApplication->processRequest()
#23 C:\xampp\htdocs\trackstar\index.php(13): CWebApplication->run()
REQUEST_URI=/trackstar/index.php?r=project
in C:\xampp\htdocs\trackstar\protected\views\project\index.php (24)
in C:\xampp\htdocs\trackstar\protected\controllers\ProjectController.php (113)
in C:\xampp\htdocs\trackstar\index.php (13)
